 Downloading crates ...
  Downloaded anstyle-query v1.1.5
  Downloaded alsa-sys v0.3.1
  Downloaded directories v5.0.1
  Downloaded utf8parse v0.2.2
  Downloaded ringbuf v0.3.3
  Downloaded libadwaita-sys v0.8.1
  Downloaded env_logger v0.11.9
  Downloaded anstyle v1.0.13
  Downloaded dotenvy v0.15.7
  Downloaded cpal v0.15.3
  Downloaded libadwaita v0.8.1
  Downloaded regex v1.12.3
  Downloaded aho-corasick v1.1.4
  Downloaded anstyle-parse v0.2.7
  Downloaded anstream v0.6.21
  Downloaded alsa v0.9.1
  Downloaded is_terminal_polyfill v1.70.2
  Downloaded env_filter v1.0.0
  Downloaded dirs-sys v0.4.1
  Downloaded dasp_sample v0.11.0
  Downloaded regex-syntax v0.8.9
  Downloaded colorchoice v1.0.4
  Downloaded regex-automata v0.4.14
  Downloaded jiff v0.2.20
   Compiling libc v0.2.182
   Compiling smallvec v1.15.1
   Compiling cfg-if v1.0.4
   Compiling pin-project-lite v0.2.16
   Compiling memchr v2.8.0
   Compiling zeroize v1.8.2
   Compiling cfg-expr v0.20.6
   Compiling futures-macro v0.3.32
   Compiling system-deps v7.0.7
   Compiling futures-task v0.3.32
   Compiling futures-core v0.3.32
   Compiling equivalent v1.0.2
   Compiling hashbrown v0.16.1
   Compiling futures-sink v0.3.32
   Compiling subtle v2.6.1
   Compiling futures-io v0.3.32
   Compiling getrandom v0.2.17
   Compiling bitflags v2.11.0
   Compiling slab v0.4.12
   Compiling futures-channel v0.3.32
   Compiling glib-sys v0.21.5
   Compiling indexmap v2.13.0
   Compiling typenum v1.19.0
warning: glib-sys@0.21.5:
error: failed to run custom build command for `glib-sys v0.21.5`
note: To improve backtraces for build dependencies, set the CARGO_PROFILE_DEV_BUILD_OVERRIDE_DEBUG=true environment variable to enable debug information generation.

Caused by:
  process didn't exit successfully: `/app/target/debug/build/glib-sys-b1c279126422c528/build-script-build` (exit status: 1)
  --- stdout
  cargo:rerun-if-changed=/home/jules/.cargo/registry/src/index.crates.io-1949cf8c6b5b557f/glib-sys-0.21.5/Cargo.toml
  cargo:rerun-if-env-changed=GLIB_2.0_NO_PKG_CONFIG
  cargo:rerun-if-env-changed=PKG_CONFIG_x86_64-unknown-linux-gnu
  cargo:rerun-if-env-changed=PKG_CONFIG_x86_64_unknown_linux_gnu
  cargo:rerun-if-env-changed=HOST_PKG_CONFIG
  cargo:rerun-if-env-changed=PKG_CONFIG
  cargo:rerun-if-env-changed=PKG_CONFIG_PATH_x86_64-unknown-linux-gnu
  cargo:rerun-if-env-changed=PKG_CONFIG_PATH_x86_64_unknown_linux_gnu
  cargo:rerun-if-env-changed=HOST_PKG_CONFIG_PATH
  cargo:rerun-if-env-changed=PKG_CONFIG_PATH
  cargo:rerun-if-env-changed=PKG_CONFIG_LIBDIR_x86_64-unknown-linux-gnu
  cargo:rerun-if-env-changed=PKG_CONFIG_LIBDIR_x86_64_unknown_linux_gnu
  cargo:rerun-if-env-changed=HOST_PKG_CONFIG_LIBDIR
  cargo:rerun-if-env-changed=PKG_CONFIG_LIBDIR
  cargo:rerun-if-env-changed=PKG_CONFIG_SYSROOT_DIR_x86_64-unknown-linux-gnu
  cargo:rerun-if-env-changed=PKG_CONFIG_SYSROOT_DIR_x86_64_unknown_linux_gnu
  cargo:rerun-if-env-changed=HOST_PKG_CONFIG_SYSROOT_DIR
  cargo:rerun-if-env-changed=PKG_CONFIG_SYSROOT_DIR
  cargo:warning=
  pkg-config exited with status code 1
  > PKG_CONFIG_ALLOW_SYSTEM_CFLAGS=1 pkg-config --libs --cflags glib-2.0 'glib-2.0 >= 2.66'

  The system library `glib-2.0` required by crate `glib-sys` was not found.
  The file `glib-2.0.pc` needs to be installed and the PKG_CONFIG_PATH environment variable must contain its parent directory.
  The PKG_CONFIG_PATH environment variable is not set.

  HINT: if you have installed the library, try setting PKG_CONFIG_PATH to the directory containing `glib-2.0.pc`.

warning: build failed, waiting for other jobs to finish...
