   Compiling glib-sys v0.21.5
   Compiling gobject-sys v0.21.5
   Compiling gio-sys v0.21.5
   Compiling synstructure v0.13.2
warning: gobject-sys@0.21.5:
error: failed to run custom build command for `gobject-sys v0.21.5`
note: To improve backtraces for build dependencies, set the CARGO_PROFILE_DEV_BUILD_OVERRIDE_DEBUG=true environment variable to enable debug information generation.

Caused by:
  process didn't exit successfully: `/app/target/debug/build/gobject-sys-b6bc3beb818e5504/build-script-build` (exit status: 1)
  --- stdout
  cargo:rerun-if-changed=/home/jules/.cargo/registry/src/index.crates.io-1949cf8c6b5b557f/gobject-sys-0.21.5/Cargo.toml
  cargo:rerun-if-env-changed=GOBJECT_2.0_NO_PKG_CONFIG
  cargo:rerun-if-env-changed=PKG_CONFIG_x86_64-unknown-linux-gnu
  cargo:rerun-if-env-changed=PKG_CONFIG_x86_64_unknown_linux_gnu
  cargo:rerun-if-env-changed=HOST_PKG_CONFIG
  cargo:rerun-if-env-changed=PKG_CONFIG
  cargo:rerun-if-env-changed=PKG_CONFIG_PATH_x86_64-unknown-linux-gnu
  cargo:rerun-if-env-changed=PKG_CONFIG_PATH_x86_64_unknown_linux_gnu
  cargo:rerun-if-env-changed=HOST_PKG_CONFIG_PATH
  cargo:rerun-if-env-changed=PKG_CONFIG_PATH
  cargo:rerun-if-env-changed=PKG_CONFIG_LIBDIR_x86_64-unknown-linux-gnu
  cargo:rerun-if-env-changed=PKG_CONFIG_LIBDIR_x86_64_unknown_linux_gnu
  cargo:rerun-if-env-changed=HOST_PKG_CONFIG_LIBDIR
  cargo:rerun-if-env-changed=PKG_CONFIG_LIBDIR
  cargo:rerun-if-env-changed=PKG_CONFIG_SYSROOT_DIR_x86_64-unknown-linux-gnu
  cargo:rerun-if-env-changed=PKG_CONFIG_SYSROOT_DIR_x86_64_unknown_linux_gnu
  cargo:rerun-if-env-changed=HOST_PKG_CONFIG_SYSROOT_DIR
  cargo:rerun-if-env-changed=PKG_CONFIG_SYSROOT_DIR
  cargo:warning=
  pkg-config exited with status code 1
  > PKG_CONFIG_ALLOW_SYSTEM_CFLAGS=1 pkg-config --libs --cflags gobject-2.0 'gobject-2.0 >= 2.66'

  The system library `gobject-2.0` required by crate `gobject-sys` was not found.
  The file `gobject-2.0.pc` needs to be installed and the PKG_CONFIG_PATH environment variable must contain its parent directory.
  The PKG_CONFIG_PATH environment variable is not set.

  HINT: if you have installed the library, try setting PKG_CONFIG_PATH to the directory containing `gobject-2.0.pc`.

warning: build failed, waiting for other jobs to finish...
warning: glib-sys@0.21.5:
error: failed to run custom build command for `glib-sys v0.21.5`
note: To improve backtraces for build dependencies, set the CARGO_PROFILE_DEV_BUILD_OVERRIDE_DEBUG=true environment variable to enable debug information generation.

Caused by:
  process didn't exit successfully: `/app/target/debug/build/glib-sys-b1c279126422c528/build-script-build` (exit status: 1)
  --- stdout
  cargo:rerun-if-changed=/home/jules/.cargo/registry/src/index.crates.io-1949cf8c6b5b557f/glib-sys-0.21.5/Cargo.toml
  cargo:rerun-if-env-changed=GLIB_2.0_NO_PKG_CONFIG
  cargo:rerun-if-env-changed=PKG_CONFIG_x86_64-unknown-linux-gnu
  cargo:rerun-if-env-changed=PKG_CONFIG_x86_64_unknown_linux_gnu
  cargo:rerun-if-env-changed=HOST_PKG_CONFIG
  cargo:rerun-if-env-changed=PKG_CONFIG
  cargo:rerun-if-env-changed=PKG_CONFIG_PATH_x86_64-unknown-linux-gnu
  cargo:rerun-if-env-changed=PKG_CONFIG_PATH_x86_64_unknown_linux_gnu
  cargo:rerun-if-env-changed=HOST_PKG_CONFIG_PATH
  cargo:rerun-if-env-changed=PKG_CONFIG_PATH
  cargo:rerun-if-env-changed=PKG_CONFIG_LIBDIR_x86_64-unknown-linux-gnu
  cargo:rerun-if-env-changed=PKG_CONFIG_LIBDIR_x86_64_unknown_linux_gnu
  cargo:rerun-if-env-changed=HOST_PKG_CONFIG_LIBDIR
  cargo:rerun-if-env-changed=PKG_CONFIG_LIBDIR
  cargo:rerun-if-env-changed=PKG_CONFIG_SYSROOT_DIR_x86_64-unknown-linux-gnu
  cargo:rerun-if-env-changed=PKG_CONFIG_SYSROOT_DIR_x86_64_unknown_linux_gnu
  cargo:rerun-if-env-changed=HOST_PKG_CONFIG_SYSROOT_DIR
  cargo:rerun-if-env-changed=PKG_CONFIG_SYSROOT_DIR
  cargo:warning=
  pkg-config exited with status code 1
  > PKG_CONFIG_ALLOW_SYSTEM_CFLAGS=1 pkg-config --libs --cflags glib-2.0 'glib-2.0 >= 2.66'

  The system library `glib-2.0` required by crate `glib-sys` was not found.
  The file `glib-2.0.pc` needs to be installed and the PKG_CONFIG_PATH environment variable must contain its parent directory.
  The PKG_CONFIG_PATH environment variable is not set.

  HINT: if you have installed the library, try setting PKG_CONFIG_PATH to the directory containing `glib-2.0.pc`.

warning: gio-sys@0.21.5:
error: failed to run custom build command for `gio-sys v0.21.5`
note: To improve backtraces for build dependencies, set the CARGO_PROFILE_DEV_BUILD_OVERRIDE_DEBUG=true environment variable to enable debug information generation.

Caused by:
  process didn't exit successfully: `/app/target/debug/build/gio-sys-96986ed2d81bfd6c/build-script-build` (exit status: 1)
  --- stdout
  cargo:rerun-if-changed=/home/jules/.cargo/registry/src/index.crates.io-1949cf8c6b5b557f/gio-sys-0.21.5/Cargo.toml
  cargo:rerun-if-env-changed=GIO_2.0_NO_PKG_CONFIG
  cargo:rerun-if-env-changed=PKG_CONFIG_x86_64-unknown-linux-gnu
  cargo:rerun-if-env-changed=PKG_CONFIG_x86_64_unknown_linux_gnu
  cargo:rerun-if-env-changed=HOST_PKG_CONFIG
  cargo:rerun-if-env-changed=PKG_CONFIG
  cargo:rerun-if-env-changed=PKG_CONFIG_PATH_x86_64-unknown-linux-gnu
  cargo:rerun-if-env-changed=PKG_CONFIG_PATH_x86_64_unknown_linux_gnu
  cargo:rerun-if-env-changed=HOST_PKG_CONFIG_PATH
  cargo:rerun-if-env-changed=PKG_CONFIG_PATH
  cargo:rerun-if-env-changed=PKG_CONFIG_LIBDIR_x86_64-unknown-linux-gnu
  cargo:rerun-if-env-changed=PKG_CONFIG_LIBDIR_x86_64_unknown_linux_gnu
  cargo:rerun-if-env-changed=HOST_PKG_CONFIG_LIBDIR
  cargo:rerun-if-env-changed=PKG_CONFIG_LIBDIR
  cargo:rerun-if-env-changed=PKG_CONFIG_SYSROOT_DIR_x86_64-unknown-linux-gnu
  cargo:rerun-if-env-changed=PKG_CONFIG_SYSROOT_DIR_x86_64_unknown_linux_gnu
  cargo:rerun-if-env-changed=HOST_PKG_CONFIG_SYSROOT_DIR
  cargo:rerun-if-env-changed=PKG_CONFIG_SYSROOT_DIR
  cargo:warning=
  pkg-config exited with status code 1
  > PKG_CONFIG_ALLOW_SYSTEM_CFLAGS=1 pkg-config --libs --cflags gio-2.0 'gio-2.0 >= 2.66'

  The system library `gio-2.0` required by crate `gio-sys` was not found.
  The file `gio-2.0.pc` needs to be installed and the PKG_CONFIG_PATH environment variable must contain its parent directory.
  The PKG_CONFIG_PATH environment variable is not set.

  HINT: if you have installed the library, try setting PKG_CONFIG_PATH to the directory containing `gio-2.0.pc`.
